# JRE version: Java(TM) SE Runtime Environment 18.9 (11.0.15+8) (build 11.0.15+8-LTS-149)
# Java VM: Java HotSpot(TM) 64-Bit Server VM 18.9 (11.0.15+8-LTS-149, mixed mode, tiered, compressed oops, g1 gc, windows-amd64)
Heap:
 garbage-first heap   total 310272K, used 33722K [0x0000000704e00000, 0x0000000800000000)
  region size 1024K, 14 young (14336K), 7 survivors (7168K)
 Metaspace       used 74975K, capacity 76865K, committed 77088K, reserved 1116160K
  class space    used 9242K, capacity 10005K, committed 10028K, reserved 1048576K
GC Heap History (10 events):
Event: 5172.349 GC heap before
{Heap before GC invocations=9 (full 0):
 garbage-first heap   total 310272K, used 195449K [0x0000000704e00000, 0x0000000800000000)
  region size 1024K, 181 young (185344K), 18 survivors (18432K)
 Metaspace       used 74924K, capacity 76737K, committed 76832K, reserved 1116160K
  class space    used 9235K, capacity 10005K, committed 10028K, reserved 1048576K
}
Event: 5172.369 GC heap after
{Heap after GC invocations=10 (full 0):
 garbage-first heap   total 310272K, used 28523K [0x0000000704e00000, 0x0000000800000000)
  region size 1024K, 8 young (8192K), 8 survivors (8192K)
 Metaspace       used 74924K, capacity 76737K, committed 76832K, reserved 1116160K
  class space    used 9235K, capacity 10005K, committed 10028K, reserved 1048576K
}
Event: 5179.756 GC heap before
{Heap before GC invocations=10 (full 0):
 garbage-first heap   total 310272K, used 205675K [0x0000000704e00000, 0x0000000800000000)
  region size 1024K, 181 young (185344K), 8 survivors (8192K)
 Metaspace       used 74931K, capacity 76737K, committed 76832K, reserved 1116160K
  class space    used 9236K, capacity 10005K, committed 10028K, reserved 1048576K
}
Event: 5179.762 GC heap after
{Heap after GC invocations=11 (full 0):
 garbage-first heap   total 310272K, used 27538K [0x0000000704e00000, 0x0000000800000000)
  region size 1024K, 7 young (7168K), 7 survivors (7168K)
 Metaspace       used 74931K, capacity 76737K, committed 76832K, reserved 1116160K
  class space    used 9236K, capacity 10005K, committed 10028K, reserved 1048576K
}
Event: 5187.557 GC heap before
{Heap before GC invocations=11 (full 0):
 garbage-first heap   total 310272K, used 205714K [0x0000000704e00000, 0x0000000800000000)
  region size 1024K, 181 young (185344K), 7 survivors (7168K)
 Metaspace       used 74944K, capacity 76865K, committed 77088K, reserved 1116160K
  class space    used 9237K, capacity 10005K, committed 10028K, reserved 1048576K
}
Event: 5187.564 GC heap after
{Heap after GC invocations=12 (full 0):
 garbage-first heap   total 310272K, used 27454K [0x0000000704e00000, 0x0000000800000000)
  region size 1024K, 7 young (7168K), 7 survivors (7168K)
 Metaspace       used 74944K, capacity 76865K, committed 77088K, reserved 1116160K
  class space    used 9237K, capacity 10005K, committed 10028K, reserved 1048576K
}
Event: 5234.665 GC heap before
{Heap before GC invocations=12 (full 0):
 garbage-first heap   total 310272K, used 205630K [0x0000000704e00000, 0x0000000800000000)
  region size 1024K, 181 young (185344K), 7 survivors (7168K)
 Metaspace       used 74971K, capacity 76865K, committed 77088K, reserved 1116160K
  class space    used 9242K, capacity 10005K, committed 10028K, reserved 1048576K
}
Event: 5234.676 GC heap after
{Heap after GC invocations=13 (full 0):
 garbage-first heap   total 310272K, used 27729K [0x0000000704e00000, 0x0000000800000000)
  region size 1024K, 7 young (7168K), 7 survivors (7168K)
 Metaspace       used 74971K, capacity 76865K, committed 77088K, reserved 1116160K
  class space    used 9242K, capacity 10005K, committed 10028K, reserved 1048576K
}
Event: 5243.639 GC heap before
{Heap before GC invocations=13 (full 0):
 garbage-first heap   total 310272K, used 205905K [0x0000000704e00000, 0x0000000800000000)
  region size 1024K, 181 young (185344K), 7 survivors (7168K)
 Metaspace       used 74975K, capacity 76865K, committed 77088K, reserved 1116160K
  class space    used 9242K, capacity 10005K, committed 10028K, reserved 1048576K
}
Event: 5243.645 GC heap after
{Heap after GC invocations=14 (full 0):
 garbage-first heap   total 310272K, used 27578K [0x0000000704e00000, 0x0000000800000000)
  region size 1024K, 7 young (7168K), 7 survivors (7168K)
 Metaspace       used 74975K, capacity 76865K, committed 77088K, reserved 1116160K
  class space    used 9242K, capacity 10005K, committed 10028K, reserved 1048576K
}

